<?xml version="1.0" encoding="UTF-8"?>
<testsuite xmlns:xsi="http://www.w3.org/2001/XMLSchema-instance" xsi:noNamespaceSchemaLocation="https://maven.apache.org/surefire/maven-surefire-plugin/xsd/surefire-test-report-3.0.xsd" version="3.0" name="com.swift.ecommerce.EcommerceApplicationTests" time="1.476" tests="1" errors="0" skipped="0" failures="0">
  <properties>
    <property name="socksProxyHost" value="127.0.0.1"/>
    <property name="http.proxyHost" value="127.0.0.1"/>
    <property name="java.specification.version" value="23"/>
    <property name="sun.jnu.encoding" value="UTF-8"/>
    <property name="java.class.path" value="/Users/ben/Code/swift-ecommerce-spring/target/test-classes:/Users/ben/Code/swift-ecommerce-spring/target/classes:/Users/ben/.m2/repository/org/springframework/boot/spring-boot-starter/3.3.4/spring-boot-starter-3.3.4.jar:/Users/ben/.m2/repository/org/springframework/boot/spring-boot/3.3.4/spring-boot-3.3.4.jar:/Users/ben/.m2/repository/org/springframework/spring-context/6.1.13/spring-context-6.1.13.jar:/Users/ben/.m2/repository/org/springframework/boot/spring-boot-autoconfigure/3.3.4/spring-boot-autoconfigure-3.3.4.jar:/Users/ben/.m2/repository/org/springframework/boot/spring-boot-starter-logging/3.3.4/spring-boot-starter-logging-3.3.4.jar:/Users/ben/.m2/repository/ch/qos/logback/logback-classic/1.5.8/logback-classic-1.5.8.jar:/Users/ben/.m2/repository/ch/qos/logback/logback-core/1.5.8/logback-core-1.5.8.jar:/Users/ben/.m2/repository/org/apache/logging/log4j/log4j-to-slf4j/2.23.1/log4j-to-slf4j-2.23.1.jar:/Users/ben/.m2/repository/org/apache/logging/log4j/log4j-api/2.23.1/log4j-api-2.23.1.jar:/Users/ben/.m2/repository/org/slf4j/jul-to-slf4j/2.0.16/jul-to-slf4j-2.0.16.jar:/Users/ben/.m2/repository/jakarta/annotation/jakarta.annotation-api/2.1.1/jakarta.annotation-api-2.1.1.jar:/Users/ben/.m2/repository/org/springframework/spring-core/6.1.13/spring-core-6.1.13.jar:/Users/ben/.m2/repository/org/springframework/spring-jcl/6.1.13/spring-jcl-6.1.13.jar:/Users/ben/.m2/repository/org/yaml/snakeyaml/2.2/snakeyaml-2.2.jar:/Users/ben/.m2/repository/org/springframework/boot/spring-boot-starter-test/3.3.4/spring-boot-starter-test-3.3.4.jar:/Users/ben/.m2/repository/org/springframework/boot/spring-boot-test/3.3.4/spring-boot-test-3.3.4.jar:/Users/ben/.m2/repository/org/springframework/boot/spring-boot-test-autoconfigure/3.3.4/spring-boot-test-autoconfigure-3.3.4.jar:/Users/ben/.m2/repository/com/jayway/jsonpath/json-path/2.9.0/json-path-2.9.0.jar:/Users/ben/.m2/repository/org/slf4j/slf4j-api/2.0.16/slf4j-api-2.0.16.jar:/Users/ben/.m2/repository/jakarta/xml/bind/jakarta.xml.bind-api/4.0.2/jakarta.xml.bind-api-4.0.2.jar:/Users/ben/.m2/repository/jakarta/activation/jakarta.activation-api/2.1.3/jakarta.activation-api-2.1.3.jar:/Users/ben/.m2/repository/net/minidev/json-smart/2.5.1/json-smart-2.5.1.jar:/Users/ben/.m2/repository/net/minidev/accessors-smart/2.5.1/accessors-smart-2.5.1.jar:/Users/ben/.m2/repository/org/ow2/asm/asm/9.6/asm-9.6.jar:/Users/ben/.m2/repository/org/assertj/assertj-core/3.25.3/assertj-core-3.25.3.jar:/Users/ben/.m2/repository/net/bytebuddy/byte-buddy/1.14.19/byte-buddy-1.14.19.jar:/Users/ben/.m2/repository/org/awaitility/awaitility/4.2.2/awaitility-4.2.2.jar:/Users/ben/.m2/repository/org/hamcrest/hamcrest/2.2/hamcrest-2.2.jar:/Users/ben/.m2/repository/org/junit/jupiter/junit-jupiter/5.10.3/junit-jupiter-5.10.3.jar:/Users/ben/.m2/repository/org/junit/jupiter/junit-jupiter-api/5.10.3/junit-jupiter-api-5.10.3.jar:/Users/ben/.m2/repository/org/opentest4j/opentest4j/1.3.0/opentest4j-1.3.0.jar:/Users/ben/.m2/repository/org/junit/platform/junit-platform-commons/1.10.3/junit-platform-commons-1.10.3.jar:/Users/ben/.m2/repository/org/apiguardian/apiguardian-api/1.1.2/apiguardian-api-1.1.2.jar:/Users/ben/.m2/repository/org/junit/jupiter/junit-jupiter-params/5.10.3/junit-jupiter-params-5.10.3.jar:/Users/ben/.m2/repository/org/junit/jupiter/junit-jupiter-engine/5.10.3/junit-jupiter-engine-5.10.3.jar:/Users/ben/.m2/repository/org/junit/platform/junit-platform-engine/1.10.3/junit-platform-engine-1.10.3.jar:/Users/ben/.m2/repository/org/mockito/mockito-core/5.11.0/mockito-core-5.11.0.jar:/Users/ben/.m2/repository/net/bytebuddy/byte-buddy-agent/1.14.19/byte-buddy-agent-1.14.19.jar:/Users/ben/.m2/repository/org/objenesis/objenesis/3.3/objenesis-3.3.jar:/Users/ben/.m2/repository/org/mockito/mockito-junit-jupiter/5.11.0/mockito-junit-jupiter-5.11.0.jar:/Users/ben/.m2/repository/org/skyscreamer/jsonassert/1.5.3/jsonassert-1.5.3.jar:/Users/ben/.m2/repository/com/vaadin/external/google/android-json/0.0.20131108.vaadin1/android-json-0.0.20131108.vaadin1.jar:/Users/ben/.m2/repository/org/springframework/spring-test/6.1.13/spring-test-6.1.13.jar:/Users/ben/.m2/repository/org/xmlunit/xmlunit-core/2.9.1/xmlunit-core-2.9.1.jar:/Users/ben/.m2/repository/org/springframework/boot/spring-boot-starter-web/3.3.4/spring-boot-starter-web-3.3.4.jar:/Users/ben/.m2/repository/org/springframework/boot/spring-boot-starter-json/3.3.4/spring-boot-starter-json-3.3.4.jar:/Users/ben/.m2/repository/com/fasterxml/jackson/core/jackson-databind/2.17.2/jackson-databind-2.17.2.jar:/Users/ben/.m2/repository/com/fasterxml/jackson/core/jackson-annotations/2.17.2/jackson-annotations-2.17.2.jar:/Users/ben/.m2/repository/com/fasterxml/jackson/core/jackson-core/2.17.2/jackson-core-2.17.2.jar:/Users/ben/.m2/repository/com/fasterxml/jackson/datatype/jackson-datatype-jdk8/2.17.2/jackson-datatype-jdk8-2.17.2.jar:/Users/ben/.m2/repository/com/fasterxml/jackson/datatype/jackson-datatype-jsr310/2.17.2/jackson-datatype-jsr310-2.17.2.jar:/Users/ben/.m2/repository/com/fasterxml/jackson/module/jackson-module-parameter-names/2.17.2/jackson-module-parameter-names-2.17.2.jar:/Users/ben/.m2/repository/org/springframework/boot/spring-boot-starter-tomcat/3.3.4/spring-boot-starter-tomcat-3.3.4.jar:/Users/ben/.m2/repository/org/apache/tomcat/embed/tomcat-embed-core/10.1.30/tomcat-embed-core-10.1.30.jar:/Users/ben/.m2/repository/org/apache/tomcat/embed/tomcat-embed-el/10.1.30/tomcat-embed-el-10.1.30.jar:/Users/ben/.m2/repository/org/apache/tomcat/embed/tomcat-embed-websocket/10.1.30/tomcat-embed-websocket-10.1.30.jar:/Users/ben/.m2/repository/org/springframework/spring-web/6.1.13/spring-web-6.1.13.jar:/Users/ben/.m2/repository/org/springframework/spring-beans/6.1.13/spring-beans-6.1.13.jar:/Users/ben/.m2/repository/io/micrometer/micrometer-observation/1.13.4/micrometer-observation-1.13.4.jar:/Users/ben/.m2/repository/io/micrometer/micrometer-commons/1.13.4/micrometer-commons-1.13.4.jar:/Users/ben/.m2/repository/org/springframework/spring-webmvc/6.1.13/spring-webmvc-6.1.13.jar:/Users/ben/.m2/repository/org/springframework/spring-aop/6.1.13/spring-aop-6.1.13.jar:/Users/ben/.m2/repository/org/springframework/spring-expression/6.1.13/spring-expression-6.1.13.jar:"/>
    <property name="https.proxyPort" value="7890"/>
    <property name="java.vm.vendor" value="Homebrew"/>
    <property name="sun.arch.data.model" value="64"/>
    <property name="java.vendor.url" value="https://github.com/Homebrew/homebrew-core/issues"/>
    <property name="user.timezone" value="Asia/Shanghai"/>
    <property name="os.name" value="Mac OS X"/>
    <property name="java.vm.specification.version" value="23"/>
    <property name="sun.java.launcher" value="SUN_STANDARD"/>
    <property name="user.country" value="CN"/>
    <property name="sun.boot.library.path" value="/opt/homebrew/Cellar/openjdk/23/libexec/openjdk.jdk/Contents/Home/lib"/>
    <property name="sun.java.command" value="/Users/ben/Code/swift-ecommerce-spring/target/surefire/surefirebooter-20241008110447818_3.jar /Users/ben/Code/swift-ecommerce-spring/target/surefire 2024-10-08T11-04-47_750-jvmRun1 surefire-20241008110447818_1tmp surefire_0-20241008110447818_2tmp"/>
    <property name="http.nonProxyHosts" value="192.168.0.0/16|*.192.168.0.0/16|10.0.0.0/8|*.10.0.0.0/8|172.16.0.0/12|*.172.16.0.0/12|127.0.0.1|localhost|*.localhost|local|*.local|apple.cn|*.apple.cn|apple.com.cn|*.apple.com.cn|apple.com|*.apple.com|amazon.cn|*.amazon.cn|bilibili.com|*.bilibili.com|qq.com|*.qq.com|aliyun.com|*.aliyun.com|dior.cn|*.dior.cn|d1mgroup.cn|*.d1mgroup.cn|d1m.cn|*.d1m.cn|163.com|*.163.com|test|*.test|teambition.com|*.teambition.com|baidu.com|*.baidu.com|lvmh.com|*.lvmh.com|oktacdn.com|*.oktacdn.com|mmstat.com|*.mmstat.com|yuque.com|*.yuque.com|cctv.com|*.cctv.com|cctvpic.com|*.cctvpic.com|cntv.cn|*.cntv.cn|bilivideo.cn|*.bilivideo.cn|hdslb.com|*.hdslb.com|qbox.me|*.qbox.me|nga.cn|*.nga.cn|colg.cn|*.colg.cn|178.com|*.178.com|d1mgroup.com|*.d1mgroup.com|alicdn.com|*.alicdn.com|ihr360.com|*.ihr360.com|amazonaws.cn|*.amazonaws.cn|tingyun.com|*.tingyun.com|douyin.com|*.douyin.com|douyu.com|*.douyu.com|zijieapi.com|*.zijieapi.com|bytegoofy.com|*.bytegoofy.com|douyinvod.com|*.douyinvod.com|apps.pernod-ricard-china.com|*.apps.pernod-ricard-china.com|daocloud.io|*.daocloud.io|termius.com|*.termius.com|wps.com|*.wps.com|bing.com|*.bing.com|bing.cn|*.bing.cn|huaweicloud.com|*.huaweicloud.com|nodejs.org|*.nodejs.org|leetcode.cn|*.leetcode.cn|drinksandco.cn|*.drinksandco.cn|lecercle.cn|*.lecercle.cn|mac618.com|*.mac618.com|94mt.cc|*.94mt.cc|fjxwbc.com|*.fjxwbc.com|52gao706.cc|*.52gao706.cc|mt34ml.vip|*.mt34ml.vip"/>
    <property name="jdk.debug" value="release"/>
    <property name="surefire.test.class.path" value="/Users/ben/Code/swift-ecommerce-spring/target/test-classes:/Users/ben/Code/swift-ecommerce-spring/target/classes:/Users/ben/.m2/repository/org/springframework/boot/spring-boot-starter/3.3.4/spring-boot-starter-3.3.4.jar:/Users/ben/.m2/repository/org/springframework/boot/spring-boot/3.3.4/spring-boot-3.3.4.jar:/Users/ben/.m2/repository/org/springframework/spring-context/6.1.13/spring-context-6.1.13.jar:/Users/ben/.m2/repository/org/springframework/boot/spring-boot-autoconfigure/3.3.4/spring-boot-autoconfigure-3.3.4.jar:/Users/ben/.m2/repository/org/springframework/boot/spring-boot-starter-logging/3.3.4/spring-boot-starter-logging-3.3.4.jar:/Users/ben/.m2/repository/ch/qos/logback/logback-classic/1.5.8/logback-classic-1.5.8.jar:/Users/ben/.m2/repository/ch/qos/logback/logback-core/1.5.8/logback-core-1.5.8.jar:/Users/ben/.m2/repository/org/apache/logging/log4j/log4j-to-slf4j/2.23.1/log4j-to-slf4j-2.23.1.jar:/Users/ben/.m2/repository/org/apache/logging/log4j/log4j-api/2.23.1/log4j-api-2.23.1.jar:/Users/ben/.m2/repository/org/slf4j/jul-to-slf4j/2.0.16/jul-to-slf4j-2.0.16.jar:/Users/ben/.m2/repository/jakarta/annotation/jakarta.annotation-api/2.1.1/jakarta.annotation-api-2.1.1.jar:/Users/ben/.m2/repository/org/springframework/spring-core/6.1.13/spring-core-6.1.13.jar:/Users/ben/.m2/repository/org/springframework/spring-jcl/6.1.13/spring-jcl-6.1.13.jar:/Users/ben/.m2/repository/org/yaml/snakeyaml/2.2/snakeyaml-2.2.jar:/Users/ben/.m2/repository/org/springframework/boot/spring-boot-starter-test/3.3.4/spring-boot-starter-test-3.3.4.jar:/Users/ben/.m2/repository/org/springframework/boot/spring-boot-test/3.3.4/spring-boot-test-3.3.4.jar:/Users/ben/.m2/repository/org/springframework/boot/spring-boot-test-autoconfigure/3.3.4/spring-boot-test-autoconfigure-3.3.4.jar:/Users/ben/.m2/repository/com/jayway/jsonpath/json-path/2.9.0/json-path-2.9.0.jar:/Users/ben/.m2/repository/org/slf4j/slf4j-api/2.0.16/slf4j-api-2.0.16.jar:/Users/ben/.m2/repository/jakarta/xml/bind/jakarta.xml.bind-api/4.0.2/jakarta.xml.bind-api-4.0.2.jar:/Users/ben/.m2/repository/jakarta/activation/jakarta.activation-api/2.1.3/jakarta.activation-api-2.1.3.jar:/Users/ben/.m2/repository/net/minidev/json-smart/2.5.1/json-smart-2.5.1.jar:/Users/ben/.m2/repository/net/minidev/accessors-smart/2.5.1/accessors-smart-2.5.1.jar:/Users/ben/.m2/repository/org/ow2/asm/asm/9.6/asm-9.6.jar:/Users/ben/.m2/repository/org/assertj/assertj-core/3.25.3/assertj-core-3.25.3.jar:/Users/ben/.m2/repository/net/bytebuddy/byte-buddy/1.14.19/byte-buddy-1.14.19.jar:/Users/ben/.m2/repository/org/awaitility/awaitility/4.2.2/awaitility-4.2.2.jar:/Users/ben/.m2/repository/org/hamcrest/hamcrest/2.2/hamcrest-2.2.jar:/Users/ben/.m2/repository/org/junit/jupiter/junit-jupiter/5.10.3/junit-jupiter-5.10.3.jar:/Users/ben/.m2/repository/org/junit/jupiter/junit-jupiter-api/5.10.3/junit-jupiter-api-5.10.3.jar:/Users/ben/.m2/repository/org/opentest4j/opentest4j/1.3.0/opentest4j-1.3.0.jar:/Users/ben/.m2/repository/org/junit/platform/junit-platform-commons/1.10.3/junit-platform-commons-1.10.3.jar:/Users/ben/.m2/repository/org/apiguardian/apiguardian-api/1.1.2/apiguardian-api-1.1.2.jar:/Users/ben/.m2/repository/org/junit/jupiter/junit-jupiter-params/5.10.3/junit-jupiter-params-5.10.3.jar:/Users/ben/.m2/repository/org/junit/jupiter/junit-jupiter-engine/5.10.3/junit-jupiter-engine-5.10.3.jar:/Users/ben/.m2/repository/org/junit/platform/junit-platform-engine/1.10.3/junit-platform-engine-1.10.3.jar:/Users/ben/.m2/repository/org/mockito/mockito-core/5.11.0/mockito-core-5.11.0.jar:/Users/ben/.m2/repository/net/bytebuddy/byte-buddy-agent/1.14.19/byte-buddy-agent-1.14.19.jar:/Users/ben/.m2/repository/org/objenesis/objenesis/3.3/objenesis-3.3.jar:/Users/ben/.m2/repository/org/mockito/mockito-junit-jupiter/5.11.0/mockito-junit-jupiter-5.11.0.jar:/Users/ben/.m2/repository/org/skyscreamer/jsonassert/1.5.3/jsonassert-1.5.3.jar:/Users/ben/.m2/repository/com/vaadin/external/google/android-json/0.0.20131108.vaadin1/android-json-0.0.20131108.vaadin1.jar:/Users/ben/.m2/repository/org/springframework/spring-test/6.1.13/spring-test-6.1.13.jar:/Users/ben/.m2/repository/org/xmlunit/xmlunit-core/2.9.1/xmlunit-core-2.9.1.jar:/Users/ben/.m2/repository/org/springframework/boot/spring-boot-starter-web/3.3.4/spring-boot-starter-web-3.3.4.jar:/Users/ben/.m2/repository/org/springframework/boot/spring-boot-starter-json/3.3.4/spring-boot-starter-json-3.3.4.jar:/Users/ben/.m2/repository/com/fasterxml/jackson/core/jackson-databind/2.17.2/jackson-databind-2.17.2.jar:/Users/ben/.m2/repository/com/fasterxml/jackson/core/jackson-annotations/2.17.2/jackson-annotations-2.17.2.jar:/Users/ben/.m2/repository/com/fasterxml/jackson/core/jackson-core/2.17.2/jackson-core-2.17.2.jar:/Users/ben/.m2/repository/com/fasterxml/jackson/datatype/jackson-datatype-jdk8/2.17.2/jackson-datatype-jdk8-2.17.2.jar:/Users/ben/.m2/repository/com/fasterxml/jackson/datatype/jackson-datatype-jsr310/2.17.2/jackson-datatype-jsr310-2.17.2.jar:/Users/ben/.m2/repository/com/fasterxml/jackson/module/jackson-module-parameter-names/2.17.2/jackson-module-parameter-names-2.17.2.jar:/Users/ben/.m2/repository/org/springframework/boot/spring-boot-starter-tomcat/3.3.4/spring-boot-starter-tomcat-3.3.4.jar:/Users/ben/.m2/repository/org/apache/tomcat/embed/tomcat-embed-core/10.1.30/tomcat-embed-core-10.1.30.jar:/Users/ben/.m2/repository/org/apache/tomcat/embed/tomcat-embed-el/10.1.30/tomcat-embed-el-10.1.30.jar:/Users/ben/.m2/repository/org/apache/tomcat/embed/tomcat-embed-websocket/10.1.30/tomcat-embed-websocket-10.1.30.jar:/Users/ben/.m2/repository/org/springframework/spring-web/6.1.13/spring-web-6.1.13.jar:/Users/ben/.m2/repository/org/springframework/spring-beans/6.1.13/spring-beans-6.1.13.jar:/Users/ben/.m2/repository/io/micrometer/micrometer-observation/1.13.4/micrometer-observation-1.13.4.jar:/Users/ben/.m2/repository/io/micrometer/micrometer-commons/1.13.4/micrometer-commons-1.13.4.jar:/Users/ben/.m2/repository/org/springframework/spring-webmvc/6.1.13/spring-webmvc-6.1.13.jar:/Users/ben/.m2/repository/org/springframework/spring-aop/6.1.13/spring-aop-6.1.13.jar:/Users/ben/.m2/repository/org/springframework/spring-expression/6.1.13/spring-expression-6.1.13.jar:"/>
    <property name="sun.cpu.endian" value="little"/>
    <property name="user.home" value="/Users/ben"/>
    <property name="user.language" value="en"/>
    <property name="java.specification.vendor" value="Oracle Corporation"/>
    <property name="java.version.date" value="2024-09-17"/>
    <property name="java.home" value="/opt/homebrew/Cellar/openjdk/23/libexec/openjdk.jdk/Contents/Home"/>
    <property name="file.separator" value="/"/>
    <property name="https.proxyHost" value="127.0.0.1"/>
    <property name="basedir" value="/Users/ben/Code/swift-ecommerce-spring"/>
    <property name="java.vm.compressedOopsMode" value="Zero based"/>
    <property name="line.separator" value="&#10;"/>
    <property name="java.vm.specification.vendor" value="Oracle Corporation"/>
    <property name="java.specification.name" value="Java Platform API Specification"/>
    <property name="FILE_LOG_CHARSET" value="UTF-8"/>
    <property name="java.awt.headless" value="true"/>
    <property name="apple.awt.application.name" value="ForkedBooter"/>
    <property name="surefire.real.class.path" value="/Users/ben/Code/swift-ecommerce-spring/target/surefire/surefirebooter-20241008110447818_3.jar"/>
    <property name="sun.management.compiler" value="HotSpot 64-Bit Tiered Compilers"/>
    <property name="ftp.nonProxyHosts" value="192.168.0.0/16|*.192.168.0.0/16|10.0.0.0/8|*.10.0.0.0/8|172.16.0.0/12|*.172.16.0.0/12|127.0.0.1|localhost|*.localhost|local|*.local|apple.cn|*.apple.cn|apple.com.cn|*.apple.com.cn|apple.com|*.apple.com|amazon.cn|*.amazon.cn|bilibili.com|*.bilibili.com|qq.com|*.qq.com|aliyun.com|*.aliyun.com|dior.cn|*.dior.cn|d1mgroup.cn|*.d1mgroup.cn|d1m.cn|*.d1m.cn|163.com|*.163.com|test|*.test|teambition.com|*.teambition.com|baidu.com|*.baidu.com|lvmh.com|*.lvmh.com|oktacdn.com|*.oktacdn.com|mmstat.com|*.mmstat.com|yuque.com|*.yuque.com|cctv.com|*.cctv.com|cctvpic.com|*.cctvpic.com|cntv.cn|*.cntv.cn|bilivideo.cn|*.bilivideo.cn|hdslb.com|*.hdslb.com|qbox.me|*.qbox.me|nga.cn|*.nga.cn|colg.cn|*.colg.cn|178.com|*.178.com|d1mgroup.com|*.d1mgroup.com|alicdn.com|*.alicdn.com|ihr360.com|*.ihr360.com|amazonaws.cn|*.amazonaws.cn|tingyun.com|*.tingyun.com|douyin.com|*.douyin.com|douyu.com|*.douyu.com|zijieapi.com|*.zijieapi.com|bytegoofy.com|*.bytegoofy.com|douyinvod.com|*.douyinvod.com|apps.pernod-ricard-china.com|*.apps.pernod-ricard-china.com|daocloud.io|*.daocloud.io|termius.com|*.termius.com|wps.com|*.wps.com|bing.com|*.bing.com|bing.cn|*.bing.cn|huaweicloud.com|*.huaweicloud.com|nodejs.org|*.nodejs.org|leetcode.cn|*.leetcode.cn|drinksandco.cn|*.drinksandco.cn|lecercle.cn|*.lecercle.cn|mac618.com|*.mac618.com|94mt.cc|*.94mt.cc|fjxwbc.com|*.fjxwbc.com|52gao706.cc|*.52gao706.cc|mt34ml.vip|*.mt34ml.vip"/>
    <property name="java.runtime.version" value="23"/>
    <property name="user.name" value="ben"/>
    <property name="stdout.encoding" value="UTF-8"/>
    <property name="path.separator" value=":"/>
    <property name="os.version" value="15.0.1"/>
    <property name="java.runtime.name" value="OpenJDK Runtime Environment"/>
    <property name="file.encoding" value="UTF-8"/>
    <property name="java.vm.name" value="OpenJDK 64-Bit Server VM"/>
    <property name="java.vendor.version" value="Homebrew"/>
    <property name="localRepository" value="/Users/ben/.m2/repository"/>
    <property name="java.vendor.url.bug" value="https://github.com/Homebrew/homebrew-core/issues"/>
    <property name="java.io.tmpdir" value="/var/folders/xr/0tzcn4ts7k1210bwll57fncm0000gn/T/"/>
    <property name="java.version" value="23"/>
    <property name="user.dir" value="/Users/ben/Code/swift-ecommerce-spring"/>
    <property name="os.arch" value="aarch64"/>
    <property name="socksProxyPort" value="7890"/>
    <property name="java.vm.specification.name" value="Java Virtual Machine Specification"/>
    <property name="PID" value="13776"/>
    <property name="CONSOLE_LOG_CHARSET" value="UTF-8"/>
    <property name="native.encoding" value="UTF-8"/>
    <property name="java.library.path" value="/Users/ben/Library/Java/Extensions:/Library/Java/Extensions:/Network/Library/Java/Extensions:/System/Library/Java/Extensions:/usr/lib/java:."/>
    <property name="java.vm.info" value="mixed mode, sharing"/>
    <property name="stderr.encoding" value="UTF-8"/>
    <property name="java.vendor" value="Homebrew"/>
    <property name="java.vm.version" value="23"/>
    <property name="sun.io.unicode.encoding" value="UnicodeBig"/>
    <property name="socksNonProxyHosts" value="192.168.0.0/16|*.192.168.0.0/16|10.0.0.0/8|*.10.0.0.0/8|172.16.0.0/12|*.172.16.0.0/12|127.0.0.1|localhost|*.localhost|local|*.local|apple.cn|*.apple.cn|apple.com.cn|*.apple.com.cn|apple.com|*.apple.com|amazon.cn|*.amazon.cn|bilibili.com|*.bilibili.com|qq.com|*.qq.com|aliyun.com|*.aliyun.com|dior.cn|*.dior.cn|d1mgroup.cn|*.d1mgroup.cn|d1m.cn|*.d1m.cn|163.com|*.163.com|test|*.test|teambition.com|*.teambition.com|baidu.com|*.baidu.com|lvmh.com|*.lvmh.com|oktacdn.com|*.oktacdn.com|mmstat.com|*.mmstat.com|yuque.com|*.yuque.com|cctv.com|*.cctv.com|cctvpic.com|*.cctvpic.com|cntv.cn|*.cntv.cn|bilivideo.cn|*.bilivideo.cn|hdslb.com|*.hdslb.com|qbox.me|*.qbox.me|nga.cn|*.nga.cn|colg.cn|*.colg.cn|178.com|*.178.com|d1mgroup.com|*.d1mgroup.com|alicdn.com|*.alicdn.com|ihr360.com|*.ihr360.com|amazonaws.cn|*.amazonaws.cn|tingyun.com|*.tingyun.com|douyin.com|*.douyin.com|douyu.com|*.douyu.com|zijieapi.com|*.zijieapi.com|bytegoofy.com|*.bytegoofy.com|douyinvod.com|*.douyinvod.com|apps.pernod-ricard-china.com|*.apps.pernod-ricard-china.com|daocloud.io|*.daocloud.io|termius.com|*.termius.com|wps.com|*.wps.com|bing.com|*.bing.com|bing.cn|*.bing.cn|huaweicloud.com|*.huaweicloud.com|nodejs.org|*.nodejs.org|leetcode.cn|*.leetcode.cn|drinksandco.cn|*.drinksandco.cn|lecercle.cn|*.lecercle.cn|mac618.com|*.mac618.com|94mt.cc|*.94mt.cc|fjxwbc.com|*.fjxwbc.com|52gao706.cc|*.52gao706.cc|mt34ml.vip|*.mt34ml.vip"/>
    <property name="java.class.version" value="67.0"/>
    <property name="LOGGED_APPLICATION_NAME" value="[ecommerce] "/>
    <property name="http.proxyPort" value="7890"/>
  </properties>
  <testcase name="contextLoads" classname="com.swift.ecommerce.EcommerceApplicationTests" time="0.542">
    <system-out><![CDATA[11:04:48.266 [main] INFO org.springframework.test.context.support.AnnotationConfigContextLoaderUtils -- Could not detect default configuration classes for test class [com.swift.ecommerce.EcommerceApplicationTests]: EcommerceApplicationTests does not declare any static, non-private, non-final, nested classes annotated with @Configuration.
11:04:48.330 [main] INFO org.springframework.boot.test.context.SpringBootTestContextBootstrapper -- Found @SpringBootConfiguration com.swift.ecommerce.EcommerceApplication for test class com.swift.ecommerce.EcommerceApplicationTests

  .   ____          _            __ _ _
 /\\ / ___'_ __ _ _(_)_ __  __ _ \ \ \ \
( ( )\___ | '_ | '_| | '_ \/ _` | \ \ \ \
 \\/  ___)| |_)| | | | | || (_| |  ) ) ) )
  '  |____| .__|_| |_|_| |_\__, | / / / /
 =========|_|==============|___/=/_/_/_/

 :: Spring Boot ::                (v3.3.4)

2024-10-08T11:04:48.505+08:00  INFO 13776 --- [ecommerce] [           main] c.s.ecommerce.EcommerceApplicationTests  : Starting EcommerceApplicationTests using Java 23 with PID 13776 (started by ben in /Users/ben/Code/swift-ecommerce-spring)
2024-10-08T11:04:48.506+08:00  INFO 13776 --- [ecommerce] [           main] c.s.ecommerce.EcommerceApplicationTests  : No active profile set, falling back to 1 default profile: "default"
2024-10-08T11:04:49.097+08:00  INFO 13776 --- [ecommerce] [           main] c.s.ecommerce.EcommerceApplicationTests  : Started EcommerceApplicationTests in 0.707 seconds (process running for 1.216)
]]></system-out>
    <system-err><![CDATA[WARNING: A Java agent has been loaded dynamically (/Users/ben/.m2/repository/net/bytebuddy/byte-buddy-agent/1.14.19/byte-buddy-agent-1.14.19.jar)
WARNING: If a serviceability tool is in use, please run with -XX:+EnableDynamicAgentLoading to hide this warning
WARNING: If a serviceability tool is not in use, please run with -Djdk.instrument.traceUsage for more information
WARNING: Dynamic loading of agents will be disallowed by default in a future release
]]></system-err>
  </testcase>
</testsuite>